Flow report for Maze
Thu Nov  7 13:10:48 2024
Quartus Prime Version 23.1std.1 Build 993 05/14/2024 SC Lite Edition


---------------------
; Table of Contents ;
---------------------
  1. Legal Notice
  2. Flow Summary
  3. Flow Settings
  4. Flow Non-Default Global Settings
  5. Flow Elapsed Time
  6. Flow OS Summary
  7. Flow Log
  8. Flow Messages
  9. Flow Suppressed Messages



----------------
; Legal Notice ;
----------------
Copyright (C) 2024  Intel Corporation. All rights reserved.
Your use of Intel Corporation's design tools, logic functions 
and other software and tools, and any partner logic 
functions, and any output files from any of the foregoing 
(including device programming or simulation files), and any 
associated documentation or information are expressly subject 
to the terms and conditions of the Intel Program License 
Subscription Agreement, the Intel Quartus Prime License Agreement,
the Intel FPGA IP License Agreement, or other applicable license
agreement, including, without limitation, that your use is for
the sole purpose of programming logic devices manufactured by
Intel and sold by Intel or its authorized distributors.  Please
refer to the applicable agreement for further details, at
https://fpgasoftware.intel.com/eula.



+------------------------------------------------------------------------+
; Flow Summary                                                           ;
+-----------------------+------------------------------------------------+
; Flow Status           ; Successful - Thu Nov  7 13:10:48 2024          ;
; Quartus Prime Version ; 23.1std.1 Build 993 05/14/2024 SC Lite Edition ;
; Revision Name         ; Maze                                           ;
; Top-level Entity Name ; Maze                                           ;
; Family                ; MAX V                                          ;
; Device                ; 5M570ZF256C5                                   ;
; Timing Models         ; Final                                          ;
; Total logic elements  ; 4 / 570 ( < 1 % )                              ;
; Total pins            ; 7 / 159 ( 4 % )                                ;
; Total virtual pins    ; 0                                              ;
; UFM blocks            ; 0 / 1 ( 0 % )                                  ;
+-----------------------+------------------------------------------------+


+-----------------------------------------+
; Flow Settings                           ;
+-------------------+---------------------+
; Option            ; Setting             ;
+-------------------+---------------------+
; Start date & time ; 11/07/2024 13:10:37 ;
; Main task         ; Compilation         ;
; Revision Name     ; Maze                ;
+-------------------+---------------------+


+------------------------------------------------------------------------------------------------------------------------------------+
; Flow Non-Default Global Settings                                                                                                   ;
+---------------------------------+--------------------------------+---------------+-------------+-----------------------------------+
; Assignment Name                 ; Value                          ; Default Value ; Entity Name ; Section Id                        ;
+---------------------------------+--------------------------------+---------------+-------------+-----------------------------------+
; COMPILER_SIGNATURE_ID           ; 33269913669109.173097423736047 ; --            ; --          ; --                                ;
; EDA_GENERATE_FUNCTIONAL_NETLIST ; Off                            ; --            ; --          ; eda_board_design_timing           ;
; EDA_GENERATE_FUNCTIONAL_NETLIST ; Off                            ; --            ; --          ; eda_board_design_boundary_scan    ;
; EDA_GENERATE_FUNCTIONAL_NETLIST ; Off                            ; --            ; --          ; eda_board_design_signal_integrity ;
; EDA_GENERATE_FUNCTIONAL_NETLIST ; Off                            ; --            ; --          ; eda_board_design_symbol           ;
; EDA_OUTPUT_DATA_FORMAT          ; Verilog Hdl                    ; --            ; --          ; eda_simulation                    ;
; EDA_SIMULATION_TOOL             ; Questa Intel FPGA (Verilog)    ; <None>        ; --          ; --                                ;
; EDA_TIME_SCALE                  ; 1 ps                           ; --            ; --          ; eda_simulation                    ;
; MAX_CORE_JUNCTION_TEMP          ; 85                             ; --            ; --          ; --                                ;
; MIN_CORE_JUNCTION_TEMP          ; 0                              ; --            ; --          ; --                                ;
; PROJECT_OUTPUT_DIRECTORY        ; output_files                   ; --            ; --          ; --                                ;
+---------------------------------+--------------------------------+---------------+-------------+-----------------------------------+


+--------------------------------------------------------------------------------------------------------------------------+
; Flow Elapsed Time                                                                                                        ;
+----------------------+--------------+-------------------------+---------------------+------------------------------------+
; Module Name          ; Elapsed Time ; Average Processors Used ; Peak Virtual Memory ; Total CPU Time (on all processors) ;
+----------------------+--------------+-------------------------+---------------------+------------------------------------+
; Analysis & Synthesis ; 00:00:06     ; 1.0                     ; 539 MB              ; 00:00:17                           ;
; Fitter               ; 00:00:01     ; 1.0                     ; 1813 MB             ; 00:00:01                           ;
; Assembler            ; 00:00:00     ; 1.0                     ; 532 MB              ; 00:00:00                           ;
; Timing Analyzer      ; 00:00:00     ; 1.0                     ; 552 MB              ; 00:00:00                           ;
; EDA Netlist Writer   ; 00:00:00     ; 1.0                     ; 782 MB              ; 00:00:00                           ;
; Total                ; 00:00:07     ; --                      ; --                  ; 00:00:18                           ;
+----------------------+--------------+-------------------------+---------------------+------------------------------------+


+--------------------------------------------------------------------------------------+
; Flow OS Summary                                                                      ;
+----------------------+------------------+-------------+-------------+----------------+
; Module Name          ; Machine Hostname ; OS Name     ; OS Version  ; Processor type ;
+----------------------+------------------+-------------+-------------+----------------+
; Analysis & Synthesis ; zephyr           ; Fedora Core ; Fedora Core ; x86_64         ;
; Fitter               ; zephyr           ; Fedora Core ; Fedora Core ; x86_64         ;
; Assembler            ; zephyr           ; Fedora Core ; Fedora Core ; x86_64         ;
; Timing Analyzer      ; zephyr           ; Fedora Core ; Fedora Core ; x86_64         ;
; EDA Netlist Writer   ; zephyr           ; Fedora Core ; Fedora Core ; x86_64         ;
+----------------------+------------------+-------------+-------------+----------------+


------------
; Flow Log ;
------------
quartus_map --read_settings_files=on --write_settings_files=off Maze -c Maze
quartus_fit --read_settings_files=off --write_settings_files=off Maze -c Maze
quartus_asm --read_settings_files=off --write_settings_files=off Maze -c Maze
quartus_sta Maze -c Maze
quartus_eda --read_settings_files=off --write_settings_files=off Maze -c Maze



